2025-08-28 13:42:24,255 DEBUG    root            Loaded Command Group: ['gcloud', 'components']
2025-08-28 13:42:24,257 DEBUG    root            Loaded Command Group: ['gcloud', 'components', 'update']
2025-08-28 13:42:24,259 DEBUG    root            Running [gcloud.components.update] with arguments: [--quiet: "True", COMPONENT-IDS:8: "['gcloud', 'core', 'bq', 'gsutil', 'compute', 'preview', 'alpha', 'beta']"]
2025-08-28 13:42:24,260 INFO     ___FILE_ONLY___ Beginning update. This process may take several minutes.

2025-08-28 13:42:24,269 DEBUG    urllib3.connectionpool Starting new HTTPS connection (1): dl.google.com:443
2025-08-28 13:42:25,186 DEBUG    urllib3.connectionpool https://dl.google.com:443 "GET /dl/cloudsdk/channels/rapid/components-2.json HTTP/11" 200 233150
2025-08-28 13:42:25,198 WARNING  root            Component [compute] no longer exists.
2025-08-28 13:42:25,199 INFO     ___FILE_ONLY___ 

2025-08-28 13:42:25,200 INFO     ___FILE_ONLY___ 
Your current Google Cloud CLI version is: 536.0.1

2025-08-28 13:42:25,200 INFO     ___FILE_ONLY___ Installing components from version: 536.0.1

2025-08-28 13:42:25,200 INFO     ___FILE_ONLY___ 

2025-08-28 13:42:25,200 DEBUG    root            Chosen display Format:table[box,title="These components will be removed."](details.display_name:label=Name:align=left,version.version_string:label=Version:align=right,data.size.size(zero="",min=1048576):label=Size:align=right)
2025-08-28 13:42:25,201 DEBUG    root            Chosen display Format:table[box,title="These components will be updated."](details.display_name:label=Name:align=left,version.version_string:label=Version:align=right,data.size.size(zero="",min=1048576):label=Size:align=right)
2025-08-28 13:42:25,201 DEBUG    root            Chosen display Format:table[box,title="These components will be installed."](details.display_name:label=Name:align=left,version.version_string:label=Version:align=right,data.size.size(zero="",min=1048576):label=Size:align=right)
2025-08-28 13:42:25,218 INFO     ___FILE_ONLY___ ┌────────────────────────────────────────────────┐
2025-08-28 13:42:25,218 INFO     ___FILE_ONLY___ 

2025-08-28 13:42:25,218 INFO     ___FILE_ONLY___ │      These components will be installed.       │
2025-08-28 13:42:25,218 INFO     ___FILE_ONLY___ 

2025-08-28 13:42:25,218 INFO     ___FILE_ONLY___ ├─────────────────────────┬────────────┬─────────┤
2025-08-28 13:42:25,218 INFO     ___FILE_ONLY___ 

2025-08-28 13:42:25,218 INFO     ___FILE_ONLY___ │           Name          │  Version   │   Size  │
2025-08-28 13:42:25,218 INFO     ___FILE_ONLY___ 

2025-08-28 13:42:25,218 INFO     ___FILE_ONLY___ ├─────────────────────────┼────────────┼─────────┤
2025-08-28 13:42:25,218 INFO     ___FILE_ONLY___ 

2025-08-28 13:42:25,219 INFO     ___FILE_ONLY___ │ 
2025-08-28 13:42:25,219 INFO     ___FILE_ONLY___ gcloud Alpha Commands  
2025-08-28 13:42:25,219 INFO     ___FILE_ONLY___  
2025-08-28 13:42:25,219 INFO     ___FILE_ONLY___ │ 
2025-08-28 13:42:25,219 INFO     ___FILE_ONLY___ 2025.08.27
2025-08-28 13:42:25,219 INFO     ___FILE_ONLY___  
2025-08-28 13:42:25,219 INFO     ___FILE_ONLY___ │ 
2025-08-28 13:42:25,219 INFO     ___FILE_ONLY___ < 1 MiB
2025-08-28 13:42:25,219 INFO     ___FILE_ONLY___  
2025-08-28 13:42:25,219 INFO     ___FILE_ONLY___ │
2025-08-28 13:42:25,219 INFO     ___FILE_ONLY___ 

2025-08-28 13:42:25,220 INFO     ___FILE_ONLY___ │ 
2025-08-28 13:42:25,220 INFO     ___FILE_ONLY___ gcloud Beta Commands   
2025-08-28 13:42:25,220 INFO     ___FILE_ONLY___  
2025-08-28 13:42:25,220 INFO     ___FILE_ONLY___ │ 
2025-08-28 13:42:25,220 INFO     ___FILE_ONLY___ 2025.08.27
2025-08-28 13:42:25,220 INFO     ___FILE_ONLY___  
2025-08-28 13:42:25,220 INFO     ___FILE_ONLY___ │ 
2025-08-28 13:42:25,220 INFO     ___FILE_ONLY___ < 1 MiB
2025-08-28 13:42:25,220 INFO     ___FILE_ONLY___  
2025-08-28 13:42:25,220 INFO     ___FILE_ONLY___ │
2025-08-28 13:42:25,220 INFO     ___FILE_ONLY___ 

2025-08-28 13:42:25,220 INFO     ___FILE_ONLY___ │ 
2025-08-28 13:42:25,220 INFO     ___FILE_ONLY___ gcloud Preview Commands
2025-08-28 13:42:25,221 INFO     ___FILE_ONLY___  
2025-08-28 13:42:25,221 INFO     ___FILE_ONLY___ │ 
2025-08-28 13:42:25,221 INFO     ___FILE_ONLY___           
2025-08-28 13:42:25,221 INFO     ___FILE_ONLY___  
2025-08-28 13:42:25,221 INFO     ___FILE_ONLY___ │ 
2025-08-28 13:42:25,221 INFO     ___FILE_ONLY___ < 1 MiB
2025-08-28 13:42:25,221 INFO     ___FILE_ONLY___  
2025-08-28 13:42:25,221 INFO     ___FILE_ONLY___ │
2025-08-28 13:42:25,221 INFO     ___FILE_ONLY___ 

2025-08-28 13:42:25,221 INFO     ___FILE_ONLY___ └─────────────────────────┴────────────┴─────────┘
2025-08-28 13:42:25,221 INFO     ___FILE_ONLY___ 

2025-08-28 13:42:25,221 INFO     ___FILE_ONLY___ 

2025-08-28 13:42:25,224 DEBUG    urllib3.connectionpool Starting new HTTPS connection (1): dl.google.com:443
2025-08-28 13:42:26,119 DEBUG    urllib3.connectionpool https://dl.google.com:443 "GET /dl/cloudsdk/channels/rapid/RELEASE_NOTES HTTP/11" 200 1471518
2025-08-28 13:42:26,659 INFO     ___FILE_ONLY___ For the latest full release notes, please visit:
  https://cloud.google.com/sdk/release_notes


2025-08-28 13:42:26,659 INFO     ___FILE_ONLY___ Performing in place update...


2025-08-28 13:42:26,661 INFO     ___FILE_ONLY___ ╔════════════════════════════════════════════════════════════╗

2025-08-28 13:42:26,661 INFO     ___FILE_ONLY___ ╠═ Downloading: gcloud Alpha Commands                       ═╣

2025-08-28 13:42:26,662 INFO     ___FILE_ONLY___ ╚
2025-08-28 13:42:26,664 DEBUG    urllib3.connectionpool Starting new HTTPS connection (1): dl.google.com:443
2025-08-28 13:42:27,608 DEBUG    urllib3.connectionpool https://dl.google.com:443 "GET /dl/cloudsdk/channels/rapid/components/google-cloud-sdk-alpha-20250827140515.tar.gz HTTP/11" 200 800
2025-08-28 13:42:27,609 INFO     ___FILE_ONLY___ ════════════════════════════════════════════════════════════
2025-08-28 13:42:27,609 INFO     ___FILE_ONLY___ ╝

2025-08-28 13:42:27,611 INFO     ___FILE_ONLY___ ╔════════════════════════════════════════════════════════════╗

2025-08-28 13:42:27,611 INFO     ___FILE_ONLY___ ╠═ Downloading: gcloud Beta Commands                        ═╣

2025-08-28 13:42:27,611 INFO     ___FILE_ONLY___ ╚
2025-08-28 13:42:27,614 DEBUG    urllib3.connectionpool Starting new HTTPS connection (1): dl.google.com:443
2025-08-28 13:42:28,533 DEBUG    urllib3.connectionpool https://dl.google.com:443 "GET /dl/cloudsdk/channels/rapid/components/google-cloud-sdk-beta-20250827140515.tar.gz HTTP/11" 200 797
2025-08-28 13:42:28,534 INFO     ___FILE_ONLY___ ════════════════════════════════════════════════════════════
2025-08-28 13:42:28,535 INFO     ___FILE_ONLY___ ╝

2025-08-28 13:42:28,537 INFO     ___FILE_ONLY___ ╔════════════════════════════════════════════════════════════╗

2025-08-28 13:42:28,537 INFO     ___FILE_ONLY___ ╠═ Downloading: gcloud Preview Commands                     ═╣

2025-08-28 13:42:28,537 INFO     ___FILE_ONLY___ ╚
2025-08-28 13:42:28,540 DEBUG    urllib3.connectionpool Starting new HTTPS connection (1): dl.google.com:443
2025-08-28 13:42:29,508 DEBUG    urllib3.connectionpool https://dl.google.com:443 "GET /dl/cloudsdk/channels/rapid/components/google-cloud-sdk-preview-20241115154308.tar.gz HTTP/11" 200 823
2025-08-28 13:42:29,508 INFO     ___FILE_ONLY___ ════════════════════════════════════════════════════════════
2025-08-28 13:42:29,508 INFO     ___FILE_ONLY___ ╝

2025-08-28 13:42:29,510 INFO     ___FILE_ONLY___ ╔════════════════════════════════════════════════════════════╗

2025-08-28 13:42:29,510 INFO     ___FILE_ONLY___ ╠═ Installing: gcloud Alpha Commands                        ═╣

2025-08-28 13:42:29,510 INFO     ___FILE_ONLY___ ╚
2025-08-28 13:42:29,511 INFO     ___FILE_ONLY___ ════════════════════════════════════════════════════════════
2025-08-28 13:42:29,511 INFO     ___FILE_ONLY___ ╝

2025-08-28 13:42:29,516 INFO     ___FILE_ONLY___ ╔════════════════════════════════════════════════════════════╗

2025-08-28 13:42:29,516 INFO     ___FILE_ONLY___ ╠═ Installing: gcloud Beta Commands                         ═╣

2025-08-28 13:42:29,516 INFO     ___FILE_ONLY___ ╚
2025-08-28 13:42:29,517 INFO     ___FILE_ONLY___ ════════════════════════════════════════════════════════════
2025-08-28 13:42:29,517 INFO     ___FILE_ONLY___ ╝

2025-08-28 13:42:29,521 INFO     ___FILE_ONLY___ ╔════════════════════════════════════════════════════════════╗

2025-08-28 13:42:29,521 INFO     ___FILE_ONLY___ ╠═ Installing: gcloud Preview Commands                      ═╣

2025-08-28 13:42:29,521 INFO     ___FILE_ONLY___ ╚
2025-08-28 13:42:29,522 INFO     ___FILE_ONLY___ ════════════════════════════════════════════════════════════
2025-08-28 13:42:29,522 INFO     ___FILE_ONLY___ ╝

2025-08-28 13:42:29,527 DEBUG    root            Updating notification cache...
2025-08-28 13:42:29,527 INFO     ___FILE_ONLY___ 

2025-08-28 13:42:29,528 INFO     ___FILE_ONLY___ Performing post processing steps...
2025-08-28 13:42:29,529 DEBUG    root            Executing command: ['/tools/google-cloud-sdk/bin/gcloud', 'components', 'post-process']
2025-08-28 13:42:39,112 DEBUG    ___FILE_ONLY___ 
2025-08-28 13:42:39,113 DEBUG    ___FILE_ONLY___ 
2025-08-28 13:42:39,297 INFO     root            descriptor_list: [{'universeDomain': 'googleapis.com', 'universeShortName': '', 'authenticationDomain': 'auth.cloud.google.com', 'projectPrefix': '', 'cloudWebDomain': 'cloud.google.com', 'documentationDomain': 'cloud.google.com', 'version': '1.0.0', 'state': 'primary', 'artifactRegistryDomain': 'pkg.dev'}]
2025-08-28 13:42:39,298 INFO     ___FILE_ONLY___ 
Update done!


2025-08-28 13:42:39,300 DEBUG    root            Chosen display Format:none
2025-08-28 13:42:39,300 INFO     root            Display format: "none"
